\BOOKMARK [0][-]{section*.2}{List of Tables}{}% 1
\BOOKMARK [0][-]{section*.4}{List of Figures}{}% 2
\BOOKMARK [0][-]{chapter.1}{Introduction}{}% 3
\BOOKMARK [1][-]{section.1.1}{Background}{chapter.1}% 4
\BOOKMARK [1][-]{section.1.2}{Mathematical Preliminaries}{chapter.1}% 5
\BOOKMARK [2][-]{subsection.1.2.1}{Mass Continuity and Momentum Equations}{section.1.2}% 6
\BOOKMARK [2][-]{subsection.1.2.2}{Equation of State and a Thermodynamic Equation}{section.1.2}% 7
\BOOKMARK [2][-]{subsection.1.2.3}{Rotating Frame of Reference}{section.1.2}% 8
\BOOKMARK [2][-]{subsection.1.2.4}{Hydrostatic Balance}{section.1.2}% 9
\BOOKMARK [2][-]{subsection.1.2.5}{Pressure Coordinates}{section.1.2}% 10
\BOOKMARK [2][-]{subsection.1.2.6}{Geostrophic Balance}{section.1.2}% 11
\BOOKMARK [2][-]{subsection.1.2.7}{Vertical Stratification}{section.1.2}% 12
\BOOKMARK [2][-]{subsection.1.2.8}{Summary of Governing Equations}{section.1.2}% 13
\BOOKMARK [2][-]{subsection.1.2.9}{Shallow Water Equations}{section.1.2}% 14
\BOOKMARK [2][-]{subsection.1.2.10}{Available Potential Energy}{section.1.2}% 15
\BOOKMARK [2][-]{subsection.1.2.11}{Helmholtz Decomposition}{section.1.2}% 16
\BOOKMARK [0][-]{chapter.2}{Mode Decomposition}{}% 17
\BOOKMARK [1][-]{section.2.1}{Vertical and Horizontal Structure Equations}{chapter.2}% 18
\BOOKMARK [1][-]{section.2.2}{Vertical Normal Modes}{chapter.2}% 19
\BOOKMARK [2][-]{subsection.2.2.1}{A Brief Outline of Sturm-Liouville Theory}{section.2.2}% 20
\BOOKMARK [2][-]{subsection.2.2.2}{Numerical Solution and Boundary Conditions}{section.2.2}% 21
\BOOKMARK [1][-]{section.2.3}{Solving the Horizontal Problem}{chapter.2}% 22
\BOOKMARK [2][-]{subsection.2.3.1}{Geostrophic Motion}{section.2.3}% 23
\BOOKMARK [1][-]{section.2.4}{Energetics of the Horizontal and Vertical Decompositions}{chapter.2}% 24
\BOOKMARK [1][-]{section.2.5}{Summary}{chapter.2}% 25
\BOOKMARK [0][-]{chapter.3}{Numerical Simulation of a Baroclinic Life Cycle}{}% 26
\BOOKMARK [1][-]{section.3.1}{Analytic Initial Conditions for a Double Jet}{chapter.3}% 27
\BOOKMARK [2][-]{subsection.3.1.1}{Velocity Field in a Channel}{section.3.1}% 28
\BOOKMARK [2][-]{subsection.3.1.2}{Geopotential and Temperature Fields in a Channel}{section.3.1}% 29
\BOOKMARK [2][-]{subsection.3.1.3}{Extension From a Channel to a Doubly-Periodic Domain}{section.3.1}% 30
\BOOKMARK [1][-]{section.3.2}{Model Choice and Simulation Overview}{chapter.3}% 31
\BOOKMARK [0][-]{chapter.4}{Results}{}% 32
\BOOKMARK [1][-]{section.4.1}{Normal Mode Decomposition}{chapter.4}% 33
\BOOKMARK [2][-]{subsection.4.1.1}{Individual Vertical Modes}{section.4.1}% 34
\BOOKMARK [2][-]{subsection.4.1.2}{Examining the Composition of the Normal Modes}{section.4.1}% 35
\BOOKMARK [2][-]{subsection.4.1.3}{Combining the Vertical Modes}{section.4.1}% 36
\BOOKMARK [0][-]{chapter.5}{Discussion and Conclusions}{}% 37
\BOOKMARK [1][-]{section.5.1}{Discussion}{chapter.5}% 38
\BOOKMARK [2][-]{subsection.5.1.1}{Overall Analysis}{section.5.1}% 39
\BOOKMARK [2][-]{subsection.5.1.2}{Modal Analysis}{section.5.1}% 40
\BOOKMARK [1][-]{section.5.2}{Conclusions}{chapter.5}% 41
\BOOKMARK [0][-]{section*.9}{References}{}% 42
